<?xml version="1.0" encoding="UTF-8"?>
<Site BuildName="Linux-g++"
	BuildStamp="20230719-1454-Experimental"
	Name="instance-1"
	Generator="ctest-3.24.2"
	CompilerName="/usr/bin/g++"
	CompilerVersion="12.2.0"
	OSName="Linux"
	Hostname="instance-1"
	OSRelease="5.19.0-1022-gcp"
	OSVersion="#24-Ubuntu SMP Fri Apr 21 13:34:45 UTC 2023"
	OSPlatform="x86_64"
	Is64Bits="1"
	VendorString="GenuineIntel"
	VendorID="Intel Corporation"
	FamilyID="6"
	ModelID="85"
	ProcessorCacheSize="33792"
	NumberOfLogicalCPU="2"
	NumberOfPhysicalCPU="1"
	TotalVirtualMemory="0"
	TotalPhysicalMemory="7946"
	LogicalProcessorsPerPhysical="2"
	ProcessorClockFrequency="2800.21"
	>
	<Testing>
		<StartDateTime>Jul 19 14:54 UTC</StartDateTime>
		<StartTestTime>1689778468</StartTestTime>
		<TestList/>
		<EndDateTime>Jul 19 14:54 UTC</EndDateTime>
		<EndTestTime>1689778468</EndTestTime>
		<ElapsedMinutes>0</ElapsedMinutes>
	</Testing>
</Site>
