<?xml version="1.0" encoding="UTF-8"?>
<Site BuildName="Linux-c++"
	BuildStamp="20230413-0323-Experimental"
	Name="instance-1"
	Generator="ctest-3.24.2"
	CompilerName="/usr/bin/c++"
	CompilerVersion="12.2.0"
	OSName="Linux"
	Hostname="instance-1"
	OSRelease="5.19.0-1019-gcp"
	OSVersion="#21-Ubuntu SMP Thu Mar 9 02:26:00 UTC 2023"
	OSPlatform="x86_64"
	Is64Bits="1"
	VendorString="GenuineIntel"
	VendorID="Intel Corporation"
	FamilyID="6"
	ModelID="85"
	ProcessorCacheSize="33792"
	NumberOfLogicalCPU="2"
	NumberOfPhysicalCPU="1"
	TotalVirtualMemory="0"
	TotalPhysicalMemory="7946"
	LogicalProcessorsPerPhysical="2"
	ProcessorClockFrequency="2800.2"
	>
	<Testing>
		<StartDateTime>Apr 13 17:01 UTC</StartDateTime>
		<StartTestTime>1681405317</StartTestTime>
		<TestList>
			<Test>./compile_with_optimization</Test>
			<Test>./byte_stream_speed_test</Test>
			<Test>./reassembler_speed_test</Test>
			<Test>./compile_with_bug-checkers</Test>
			<Test>./t_webget</Test>
			<Test>./reassembler_holes</Test>
			<Test>./byte_stream_many_writes</Test>
			<Test>./reassembler_single</Test>
			<Test>./reassembler_dup</Test>
			<Test>./byte_stream_stress_test</Test>
			<Test>./reassembler_overlapping</Test>
			<Test>./byte_stream_one_write</Test>
			<Test>./byte_stream_two_writes</Test>
			<Test>./byte_stream_capacity</Test>
			<Test>./reassembler_cap</Test>
			<Test>./byte_stream_basics</Test>
			<Test>./reassembler_seq</Test>
			<Test>./reassembler_win</Test>
		</TestList>
		<Test Status="passed">
			<Name>compile with optimization</Name>
			<Path>.</Path>
			<FullName>./compile_with_optimization</FullName>
			<FullCommandLine>/usr/bin/cmake "--build" "/home/kaiykato/build" "-t" "speed_testing"</FullCommandLine>
			<Results>
				<NamedMeasurement type="numeric/double" name="Execution Time">
					<Value>2.7017</Value>
				</NamedMeasurement>
				<NamedMeasurement type="numeric/double" name="Processors">
					<Value>1</Value>
				</NamedMeasurement>
				<NamedMeasurement type="text/string" name="Completion Status">
					<Value>Completed</Value>
				</NamedMeasurement>
				<NamedMeasurement type="text/string" name="Command Line">
					<Value>/usr/bin/cmake "--build" "/home/kaiykato/build" "-t" "speed_testing"</Value>
				</NamedMeasurement>
				<NamedMeasurement type="text/string" name="Environment">
					<Value>#CTEST_RESOURCE_GROUP_COUNT=</Value>
				</NamedMeasurement>
				<Measurement>
					<Value encoding="base64" compression="gzip">eJx1j8tOwzAQRff5itmwTdIHLd0SiRXsK0UocuwhmtaPyDMRlK/HICqKo6wsje89c6YJnoMlowRBBzeSxQgDeoxpYsDgiN6g14QM4Q1ExQEFHHkf3rswCjn6RFO0cFjfvcLjRFauoUnI3kZWq/vfiCE/QHM8QuhPqAU46qp5UWd8Suu5yumloVhFVMzo+uRXal2Gol0/bBPvmfz5imNRQhos9VHFy/c7Q6mi3dR1rjq/Z1PvMzh+oJ5EJQG4cel4RDSdIEsq/Vy4UOovgh1L6rr/pe0u11nk7w55dJG6n1H/vpNd8QXXt7Zg====</Value>
				</Measurement>
			</Results>
		</Test>
		<Test Status="passed">
			<Name>byte_stream_speed_test</Name>
			<Path>.</Path>
			<FullName>./byte_stream_speed_test</FullName>
			<FullCommandLine>/home/kaiykato/build/tests/byte_stream_speed_test</FullCommandLine>
			<Results>
				<NamedMeasurement type="numeric/double" name="Execution Time">
					<Value>0.63339</Value>
				</NamedMeasurement>
				<NamedMeasurement type="numeric/double" name="Processors">
					<Value>1</Value>
				</NamedMeasurement>
				<NamedMeasurement type="text/string" name="Completion Status">
					<Value>Completed</Value>
				</NamedMeasurement>
				<NamedMeasurement type="text/string" name="Command Line">
					<Value>/home/kaiykato/build/tests/byte_stream_speed_test</Value>
				</NamedMeasurement>
				<NamedMeasurement type="text/string" name="Environment">
					<Value>#CTEST_RESOURCE_GROUP_COUNT=</Value>
				</NamedMeasurement>
				<Measurement>
					<Value>ByteStream with capacity=32768, write_size=1500, read_size=128 reached 0.61 Gbit/s.
</Value>
				</Measurement>
			</Results>
		</Test>
		<Test Status="passed">
			<Name>reassembler_speed_test</Name>
			<Path>.</Path>
			<FullName>./reassembler_speed_test</FullName>
			<FullCommandLine>/home/kaiykato/build/tests/reassembler_speed_test</FullCommandLine>
			<Results>
				<NamedMeasurement type="numeric/double" name="Execution Time">
					<Value>1.235</Value>
				</NamedMeasurement>
				<NamedMeasurement type="numeric/double" name="Processors">
					<Value>1</Value>
				</NamedMeasurement>
				<NamedMeasurement type="text/string" name="Completion Status">
					<Value>Completed</Value>
				</NamedMeasurement>
				<NamedMeasurement type="text/string" name="Command Line">
					<Value>/home/kaiykato/build/tests/reassembler_speed_test</Value>
				</NamedMeasurement>
				<NamedMeasurement type="text/string" name="Environment">
					<Value>#CTEST_RESOURCE_GROUP_COUNT=</Value>
				</NamedMeasurement>
				<Measurement>
					<Value>Reassembler to ByteStream with capacity=1500 reached 0.35 Gbit/s.
</Value>
				</Measurement>
			</Results>
		</Test>
		<Test Status="passed">
			<Name>compile with bug-checkers</Name>
			<Path>.</Path>
			<FullName>./compile_with_bug-checkers</FullName>
			<FullCommandLine>/usr/bin/cmake "--build" "/home/kaiykato/build" "-t" "functionality_testing" "webget"</FullCommandLine>
			<Results>
				<NamedMeasurement type="numeric/double" name="Execution Time">
					<Value>5.10366</Value>
				</NamedMeasurement>
				<NamedMeasurement type="numeric/double" name="Processors">
					<Value>1</Value>
				</NamedMeasurement>
				<NamedMeasurement type="text/string" name="Completion Status">
					<Value>Completed</Value>
				</NamedMeasurement>
				<NamedMeasurement type="text/string" name="Command Line">
					<Value>/usr/bin/cmake "--build" "/home/kaiykato/build" "-t" "functionality_testing" "webget"</Value>
				</NamedMeasurement>
				<NamedMeasurement type="text/string" name="Environment">
					<Value>#CTEST_RESOURCE_GROUP_COUNT=</Value>
				</NamedMeasurement>
				<Measurement>
					<Value encoding="base64" compression="gzip">eJytkz9PwzAQxfd8iltY0/+lrFRigo2hUlRFjn20RxM78l0o5dPjhCKFpoEMTJbs33vvfD4nMFvdbOG+olxAlN+hQCWUpwazahclsJhdHhdkrTumgixkd2dw7Sy7nIwSBO2KknL0sEOLPuwYMFiiNWg1IYN7ubA6Z03Gt39ksbIk9IEmwPNlD/wPBbVzVvOr/Wkjd9MzYkKRsN5swGWvqAXY69H6SR3wIcTz6NI9NuRHHhUzFlmoL9Y6dlEyHY+D3yPZw7cdvqOuRAUGspNgyhJURZopJs21oNO4q9hkMcxXq1JpklOQTDvP3wPOBtbsLKZHT4K1pjN6fWTz2APc5ei+NPV1u6Pbiy4nw/wLZU8t1d1vAT/Z24E3qBfmZuKjZNa0v61iUUIacsq88qd67QyVCrrmNXora2XEcRwlz3tiKJWX5ifsEeoTcJWUlcBRMXgs3Fv4NUxWI5CE4jWi4S94H9z2Lje1ejKezpssjrfRJ7ASkxI=</Value>
				</Measurement>
			</Results>
		</Test>
		<Test Status="passed">
			<Name>t_webget</Name>
			<Path>.</Path>
			<FullName>./t_webget</FullName>
			<FullCommandLine>/home/kaiykato/minnow/tests/webget_t.sh "/home/kaiykato/build"</FullCommandLine>
			<Results>
				<NamedMeasurement type="numeric/double" name="Execution Time">
					<Value>0.694112</Value>
				</NamedMeasurement>
				<NamedMeasurement type="numeric/double" name="Processors">
					<Value>1</Value>
				</NamedMeasurement>
				<NamedMeasurement type="text/string" name="Completion Status">
					<Value>Completed</Value>
				</NamedMeasurement>
				<NamedMeasurement type="text/string" name="Command Line">
					<Value>/home/kaiykato/minnow/tests/webget_t.sh "/home/kaiykato/build"</Value>
				</NamedMeasurement>
				<NamedMeasurement type="text/string" name="Environment">
					<Value>#CTEST_RESOURCE_GROUP_COUNT=</Value>
				</NamedMeasurement>
				<Measurement>
					<Value>Function called: get_URL(cs144.keithw.org, /nph-hasher/xyzzy)
GET /nph-hasher/xyzzy HTTP/1.1
Host: cs144.keithw.org 
Connection: close

HTTP/1.1 200 OK
Content-type: text/plain

7SmXqWkrLKzVBCEalbSPqBcvs11Pw263K7x4Wv3JckI
</Value>
				</Measurement>
			</Results>
		</Test>
		<Test Status="passed">
			<Name>reassembler_holes</Name>
			<Path>.</Path>
			<FullName>./reassembler_holes</FullName>
			<FullCommandLine>/home/kaiykato/build/tests/reassembler_holes_sanitized</FullCommandLine>
			<Results>
				<NamedMeasurement type="numeric/double" name="Execution Time">
					<Value>0.400811</Value>
				</NamedMeasurement>
				<NamedMeasurement type="numeric/double" name="Processors">
					<Value>1</Value>
				</NamedMeasurement>
				<NamedMeasurement type="text/string" name="Completion Status">
					<Value>Completed</Value>
				</NamedMeasurement>
				<NamedMeasurement type="text/string" name="Command Line">
					<Value>/home/kaiykato/build/tests/reassembler_holes_sanitized</Value>
				</NamedMeasurement>
				<NamedMeasurement type="text/string" name="Environment">
					<Value>#CTEST_RESOURCE_GROUP_COUNT=</Value>
				</NamedMeasurement>
				<Measurement>
					<Value></Value>
				</Measurement>
			</Results>
		</Test>
		<Test Status="passed">
			<Name>byte_stream_many_writes</Name>
			<Path>.</Path>
			<FullName>./byte_stream_many_writes</FullName>
			<FullCommandLine>/home/kaiykato/build/tests/byte_stream_many_writes_sanitized</FullCommandLine>
			<Results>
				<NamedMeasurement type="numeric/double" name="Execution Time">
					<Value>0.219778</Value>
				</NamedMeasurement>
				<NamedMeasurement type="numeric/double" name="Processors">
					<Value>1</Value>
				</NamedMeasurement>
				<NamedMeasurement type="text/string" name="Completion Status">
					<Value>Completed</Value>
				</NamedMeasurement>
				<NamedMeasurement type="text/string" name="Command Line">
					<Value>/home/kaiykato/build/tests/byte_stream_many_writes_sanitized</Value>
				</NamedMeasurement>
				<NamedMeasurement type="text/string" name="Environment">
					<Value>#CTEST_RESOURCE_GROUP_COUNT=</Value>
				</NamedMeasurement>
				<Measurement>
					<Value></Value>
				</Measurement>
			</Results>
		</Test>
		<Test Status="passed">
			<Name>reassembler_single</Name>
			<Path>.</Path>
			<FullName>./reassembler_single</FullName>
			<FullCommandLine>/home/kaiykato/build/tests/reassembler_single_sanitized</FullCommandLine>
			<Results>
				<NamedMeasurement type="numeric/double" name="Execution Time">
					<Value>0.166031</Value>
				</NamedMeasurement>
				<NamedMeasurement type="numeric/double" name="Processors">
					<Value>1</Value>
				</NamedMeasurement>
				<NamedMeasurement type="text/string" name="Completion Status">
					<Value>Completed</Value>
				</NamedMeasurement>
				<NamedMeasurement type="text/string" name="Command Line">
					<Value>/home/kaiykato/build/tests/reassembler_single_sanitized</Value>
				</NamedMeasurement>
				<NamedMeasurement type="text/string" name="Environment">
					<Value>#CTEST_RESOURCE_GROUP_COUNT=</Value>
				</NamedMeasurement>
				<Measurement>
					<Value></Value>
				</Measurement>
			</Results>
		</Test>
		<Test Status="passed">
			<Name>reassembler_dup</Name>
			<Path>.</Path>
			<FullName>./reassembler_dup</FullName>
			<FullCommandLine>/home/kaiykato/build/tests/reassembler_dup_sanitized</FullCommandLine>
			<Results>
				<NamedMeasurement type="numeric/double" name="Execution Time">
					<Value>1.53001</Value>
				</NamedMeasurement>
				<NamedMeasurement type="numeric/double" name="Processors">
					<Value>1</Value>
				</NamedMeasurement>
				<NamedMeasurement type="text/string" name="Completion Status">
					<Value>Completed</Value>
				</NamedMeasurement>
				<NamedMeasurement type="text/string" name="Command Line">
					<Value>/home/kaiykato/build/tests/reassembler_dup_sanitized</Value>
				</NamedMeasurement>
				<NamedMeasurement type="text/string" name="Environment">
					<Value>#CTEST_RESOURCE_GROUP_COUNT=</Value>
				</NamedMeasurement>
				<Measurement>
					<Value></Value>
				</Measurement>
			</Results>
		</Test>
		<Test Status="passed">
			<Name>byte_stream_stress_test</Name>
			<Path>.</Path>
			<FullName>./byte_stream_stress_test</FullName>
			<FullCommandLine>/home/kaiykato/build/tests/byte_stream_stress_test_sanitized</FullCommandLine>
			<Results>
				<NamedMeasurement type="numeric/double" name="Execution Time">
					<Value>0.0772637</Value>
				</NamedMeasurement>
				<NamedMeasurement type="numeric/double" name="Processors">
					<Value>1</Value>
				</NamedMeasurement>
				<NamedMeasurement type="text/string" name="Completion Status">
					<Value>Completed</Value>
				</NamedMeasurement>
				<NamedMeasurement type="text/string" name="Command Line">
					<Value>/home/kaiykato/build/tests/byte_stream_stress_test_sanitized</Value>
				</NamedMeasurement>
				<NamedMeasurement type="text/string" name="Environment">
					<Value>#CTEST_RESOURCE_GROUP_COUNT=</Value>
				</NamedMeasurement>
				<Measurement>
					<Value></Value>
				</Measurement>
			</Results>
		</Test>
		<Test Status="passed">
			<Name>reassembler_overlapping</Name>
			<Path>.</Path>
			<FullName>./reassembler_overlapping</FullName>
			<FullCommandLine>/home/kaiykato/build/tests/reassembler_overlapping_sanitized</FullCommandLine>
			<Results>
				<NamedMeasurement type="numeric/double" name="Execution Time">
					<Value>0.0501319</Value>
				</NamedMeasurement>
				<NamedMeasurement type="numeric/double" name="Processors">
					<Value>1</Value>
				</NamedMeasurement>
				<NamedMeasurement type="text/string" name="Completion Status">
					<Value>Completed</Value>
				</NamedMeasurement>
				<NamedMeasurement type="text/string" name="Command Line">
					<Value>/home/kaiykato/build/tests/reassembler_overlapping_sanitized</Value>
				</NamedMeasurement>
				<NamedMeasurement type="text/string" name="Environment">
					<Value>#CTEST_RESOURCE_GROUP_COUNT=</Value>
				</NamedMeasurement>
				<Measurement>
					<Value></Value>
				</Measurement>
			</Results>
		</Test>
		<Test Status="passed">
			<Name>byte_stream_one_write</Name>
			<Path>.</Path>
			<FullName>./byte_stream_one_write</FullName>
			<FullCommandLine>/home/kaiykato/build/tests/byte_stream_one_write_sanitized</FullCommandLine>
			<Results>
				<NamedMeasurement type="numeric/double" name="Execution Time">
					<Value>0.0363128</Value>
				</NamedMeasurement>
				<NamedMeasurement type="numeric/double" name="Processors">
					<Value>1</Value>
				</NamedMeasurement>
				<NamedMeasurement type="text/string" name="Completion Status">
					<Value>Completed</Value>
				</NamedMeasurement>
				<NamedMeasurement type="text/string" name="Command Line">
					<Value>/home/kaiykato/build/tests/byte_stream_one_write_sanitized</Value>
				</NamedMeasurement>
				<NamedMeasurement type="text/string" name="Environment">
					<Value>#CTEST_RESOURCE_GROUP_COUNT=</Value>
				</NamedMeasurement>
				<Measurement>
					<Value></Value>
				</Measurement>
			</Results>
		</Test>
		<Test Status="passed">
			<Name>byte_stream_two_writes</Name>
			<Path>.</Path>
			<FullName>./byte_stream_two_writes</FullName>
			<FullCommandLine>/home/kaiykato/build/tests/byte_stream_two_writes_sanitized</FullCommandLine>
			<Results>
				<NamedMeasurement type="numeric/double" name="Execution Time">
					<Value>0.0407251</Value>
				</NamedMeasurement>
				<NamedMeasurement type="numeric/double" name="Processors">
					<Value>1</Value>
				</NamedMeasurement>
				<NamedMeasurement type="text/string" name="Completion Status">
					<Value>Completed</Value>
				</NamedMeasurement>
				<NamedMeasurement type="text/string" name="Command Line">
					<Value>/home/kaiykato/build/tests/byte_stream_two_writes_sanitized</Value>
				</NamedMeasurement>
				<NamedMeasurement type="text/string" name="Environment">
					<Value>#CTEST_RESOURCE_GROUP_COUNT=</Value>
				</NamedMeasurement>
				<Measurement>
					<Value></Value>
				</Measurement>
			</Results>
		</Test>
		<Test Status="passed">
			<Name>byte_stream_capacity</Name>
			<Path>.</Path>
			<FullName>./byte_stream_capacity</FullName>
			<FullCommandLine>/home/kaiykato/build/tests/byte_stream_capacity_sanitized</FullCommandLine>
			<Results>
				<NamedMeasurement type="numeric/double" name="Execution Time">
					<Value>0.0324776</Value>
				</NamedMeasurement>
				<NamedMeasurement type="numeric/double" name="Processors">
					<Value>1</Value>
				</NamedMeasurement>
				<NamedMeasurement type="text/string" name="Completion Status">
					<Value>Completed</Value>
				</NamedMeasurement>
				<NamedMeasurement type="text/string" name="Command Line">
					<Value>/home/kaiykato/build/tests/byte_stream_capacity_sanitized</Value>
				</NamedMeasurement>
				<NamedMeasurement type="text/string" name="Environment">
					<Value>#CTEST_RESOURCE_GROUP_COUNT=</Value>
				</NamedMeasurement>
				<Measurement>
					<Value></Value>
				</Measurement>
			</Results>
		</Test>
		<Test Status="passed">
			<Name>reassembler_cap</Name>
			<Path>.</Path>
			<FullName>./reassembler_cap</FullName>
			<FullCommandLine>/home/kaiykato/build/tests/reassembler_cap_sanitized</FullCommandLine>
			<Results>
				<NamedMeasurement type="numeric/double" name="Execution Time">
					<Value>0.0480026</Value>
				</NamedMeasurement>
				<NamedMeasurement type="numeric/double" name="Processors">
					<Value>1</Value>
				</NamedMeasurement>
				<NamedMeasurement type="text/string" name="Completion Status">
					<Value>Completed</Value>
				</NamedMeasurement>
				<NamedMeasurement type="text/string" name="Command Line">
					<Value>/home/kaiykato/build/tests/reassembler_cap_sanitized</Value>
				</NamedMeasurement>
				<NamedMeasurement type="text/string" name="Environment">
					<Value>#CTEST_RESOURCE_GROUP_COUNT=</Value>
				</NamedMeasurement>
				<Measurement>
					<Value></Value>
				</Measurement>
			</Results>
		</Test>
		<Test Status="passed">
			<Name>byte_stream_basics</Name>
			<Path>.</Path>
			<FullName>./byte_stream_basics</FullName>
			<FullCommandLine>/home/kaiykato/build/tests/byte_stream_basics_sanitized</FullCommandLine>
			<Results>
				<NamedMeasurement type="numeric/double" name="Execution Time">
					<Value>0.0242239</Value>
				</NamedMeasurement>
				<NamedMeasurement type="numeric/double" name="Processors">
					<Value>1</Value>
				</NamedMeasurement>
				<NamedMeasurement type="text/string" name="Completion Status">
					<Value>Completed</Value>
				</NamedMeasurement>
				<NamedMeasurement type="text/string" name="Command Line">
					<Value>/home/kaiykato/build/tests/byte_stream_basics_sanitized</Value>
				</NamedMeasurement>
				<NamedMeasurement type="text/string" name="Environment">
					<Value>#CTEST_RESOURCE_GROUP_COUNT=</Value>
				</NamedMeasurement>
				<Measurement>
					<Value></Value>
				</Measurement>
			</Results>
		</Test>
		<Test Status="passed">
			<Name>reassembler_seq</Name>
			<Path>.</Path>
			<FullName>./reassembler_seq</FullName>
			<FullCommandLine>/home/kaiykato/build/tests/reassembler_seq_sanitized</FullCommandLine>
			<Results>
				<NamedMeasurement type="numeric/double" name="Execution Time">
					<Value>4.15479</Value>
				</NamedMeasurement>
				<NamedMeasurement type="numeric/double" name="Processors">
					<Value>1</Value>
				</NamedMeasurement>
				<NamedMeasurement type="text/string" name="Completion Status">
					<Value>Completed</Value>
				</NamedMeasurement>
				<NamedMeasurement type="text/string" name="Command Line">
					<Value>/home/kaiykato/build/tests/reassembler_seq_sanitized</Value>
				</NamedMeasurement>
				<NamedMeasurement type="text/string" name="Environment">
					<Value>#CTEST_RESOURCE_GROUP_COUNT=</Value>
				</NamedMeasurement>
				<Measurement>
					<Value></Value>
				</Measurement>
			</Results>
		</Test>
		<Test Status="passed">
			<Name>reassembler_win</Name>
			<Path>.</Path>
			<FullName>./reassembler_win</FullName>
			<FullCommandLine>/home/kaiykato/build/tests/reassembler_win_sanitized</FullCommandLine>
			<Results>
				<NamedMeasurement type="numeric/double" name="Execution Time">
					<Value>52.7343</Value>
				</NamedMeasurement>
				<NamedMeasurement type="numeric/double" name="Processors">
					<Value>1</Value>
				</NamedMeasurement>
				<NamedMeasurement type="text/string" name="Completion Status">
					<Value>Completed</Value>
				</NamedMeasurement>
				<NamedMeasurement type="text/string" name="Command Line">
					<Value>/home/kaiykato/build/tests/reassembler_win_sanitized</Value>
				</NamedMeasurement>
				<NamedMeasurement type="text/string" name="Environment">
					<Value>#CTEST_RESOURCE_GROUP_COUNT=</Value>
				</NamedMeasurement>
				<Measurement>
					<Value></Value>
				</Measurement>
			</Results>
		</Test>
		<EndDateTime>Apr 13 17:02 UTC</EndDateTime>
		<EndTestTime>1681405374</EndTestTime>
		<ElapsedMinutes>0</ElapsedMinutes>
	</Testing>
</Site>
